<?xml version="1.0" encoding="UTF-8"?>
<!-- Generated by org.testng.reporters.JUnitReportReporter -->
<testsuite hostname="DESKTOP-LS07UV4" failures="0" tests="1" name="testscript.FourthTest" time="41.505" errors="0" timestamp="2023-02-19T12:12:31 PST" skipped="0">
  <testcase classname="testscript.FourthTest" name="fourthTest" time="41.505"/>
  <system-out/>
</testsuite> <!-- testscript.FourthTest -->
