<?xml version="1.0" encoding="UTF-8"?>
<!-- Generated by org.testng.reporters.JUnitReportReporter -->
<testsuite hostname="DESKTOP-LS07UV4" failures="0" tests="1" name="testscript.SecondTest" time="142.116" errors="0" timestamp="2023-02-19T11:21:04 PST" skipped="0">
  <testcase classname="testscript.SecondTest" name="secondTest" time="142.116"/>
  <system-out/>
</testsuite> <!-- testscript.SecondTest -->
