<?xml version="1.0" encoding="UTF-8"?>
<!-- Generated by org.testng.reporters.JUnitReportReporter -->
<testsuite hostname="DESKTOP-LS07UV4" failures="0" tests="1" name="testscript.FirstTest" time="20.880" errors="0" timestamp="2023-02-19T12:18:08 PST" skipped="0">
  <testcase classname="testscript.FirstTest" name="firstTest" time="20.880"/>
  <system-out/>
</testsuite> <!-- testscript.FirstTest -->
